<?xml version="1.0" encoding="UTF-8"?>
<testng-results skipped="0" failed="0" ignored="0" total="10" passed="10">
  <reporter-output>
  </reporter-output>
  <suite name="Command line suite" duration-ms="7973" started-at="2017-08-26T08:29:56Z" finished-at="2017-08-26T08:30:04Z">
    <groups>
    </groups>
    <test name="Command line test" duration-ms="7973" started-at="2017-08-26T08:29:56Z" finished-at="2017-08-26T08:30:04Z">
      <class name="com.epam.lab.web.UpdateApiTest">
        <test-method status="PASS" signature="addThreeBookAndDeleteThemWithRestService()[pri:0, instance:com.epam.lab.web.UpdateApiTest@7921b0a2]" name="addThreeBookAndDeleteThemWithRestService" duration-ms="181" started-at="2017-08-26T11:30:03Z" finished-at="2017-08-26T11:30:04Z">
          <reporter-output>
          </reporter-output>
        </test-method> <!-- addThreeBookAndDeleteThemWithRestService -->
        <test-method status="PASS" signature="setUp()[pri:0, instance:com.epam.lab.web.UpdateApiTest@7921b0a2]" name="setUp" is-config="true" duration-ms="0" started-at="2017-08-26T11:30:03Z" finished-at="2017-08-26T11:30:03Z">
          <reporter-output>
          </reporter-output>
        </test-method> <!-- setUp -->
        <test-method status="PASS" signature="setUp()[pri:0, instance:com.epam.lab.web.UpdateApiTest@7921b0a2]" name="setUp" is-config="true" duration-ms="1" started-at="2017-08-26T11:30:04Z" finished-at="2017-08-26T11:30:04Z">
          <reporter-output>
          </reporter-output>
        </test-method> <!-- setUp -->
        <test-method status="PASS" signature="addThreeBookAndDeleteThemWithSoapService()[pri:0, instance:com.epam.lab.web.UpdateApiTest@7921b0a2]" name="addThreeBookAndDeleteThemWithSoapService" duration-ms="234" started-at="2017-08-26T11:30:04Z" finished-at="2017-08-26T11:30:04Z">
          <reporter-output>
          </reporter-output>
        </test-method> <!-- addThreeBookAndDeleteThemWithSoapService -->
      </class> <!-- com.epam.lab.web.UpdateApiTest -->
      <class name="com.epam.lab.web.SearchBookApiTest">
        <test-method status="PASS" signature="addBookAndGetItBack()[pri:0, instance:com.epam.lab.web.SearchBookApiTest@6a024a67]" name="addBookAndGetItBack" duration-ms="122" started-at="2017-08-26T11:30:03Z" finished-at="2017-08-26T11:30:03Z">
          <reporter-output>
          </reporter-output>
        </test-method> <!-- addBookAndGetItBack -->
        <test-method status="PASS" signature="testSearchWithWrongBookNameRestAndSoap()[pri:0, instance:com.epam.lab.web.SearchBookApiTest@6a024a67]" name="testSearchWithWrongBookNameRestAndSoap" duration-ms="266" started-at="2017-08-26T11:30:03Z" finished-at="2017-08-26T11:30:03Z">
          <reporter-output>
          </reporter-output>
        </test-method> <!-- testSearchWithWrongBookNameRestAndSoap -->
      </class> <!-- com.epam.lab.web.SearchBookApiTest -->
      <class name="com.epam.lab.web.SearchAutorListApiTest">
        <test-method status="PASS" signature="setUP()[pri:0, instance:com.epam.lab.web.SearchAutorListApiTest@6ea12c19]" name="setUP" is-config="true" duration-ms="515" started-at="2017-08-26T11:29:58Z" finished-at="2017-08-26T11:29:59Z">
          <reporter-output>
          </reporter-output>
        </test-method> <!-- setUP -->
        <test-method status="PASS" signature="getAuthorsBooksFaultNumberRest()[pri:0, instance:com.epam.lab.web.SearchAutorListApiTest@6ea12c19]" name="getAuthorsBooksFaultNumberRest" duration-ms="129" started-at="2017-08-26T11:29:59Z" finished-at="2017-08-26T11:29:59Z">
          <exception class="com.epam.lab.web.soap.ServiceException">
            <full-stacktrace>
              <![CDATA[com.epam.lab.web.soap.ServiceException
	at com.epam.lab.web.rest.LibraryRESTServiceClient.buildException(LibraryRESTServiceClient.java:207)
	at com.epam.lab.web.rest.LibraryRESTServiceClient.getAuthorBooks(LibraryRESTServiceClient.java:182)
	at com.epam.lab.web.SearchAutorListApiTest.getAuthorsBooksFaultNumberRest(SearchAutorListApiTest.java:74)
	at sun.reflect.NativeMethodAccessorImpl.invoke0(Native Method)
	at sun.reflect.NativeMethodAccessorImpl.invoke(NativeMethodAccessorImpl.java:62)
	at sun.reflect.DelegatingMethodAccessorImpl.invoke(DelegatingMethodAccessorImpl.java:43)
	at java.lang.reflect.Method.invoke(Method.java:498)
	at org.testng.internal.MethodInvocationHelper.invokeMethod(MethodInvocationHelper.java:108)
	at org.testng.internal.Invoker.invokeMethod(Invoker.java:661)
	at org.testng.internal.Invoker.invokeTestMethod(Invoker.java:869)
	at org.testng.internal.Invoker.invokeTestMethods(Invoker.java:1193)
	at org.testng.internal.TestMethodWorker.invokeTestMethods(TestMethodWorker.java:126)
	at org.testng.internal.TestMethodWorker.run(TestMethodWorker.java:109)
	at org.testng.TestRunner.privateRun(TestRunner.java:744)
	at org.testng.TestRunner.run(TestRunner.java:602)
	at org.testng.SuiteRunner.runTest(SuiteRunner.java:380)
	at org.testng.SuiteRunner.runSequentially(SuiteRunner.java:375)
	at org.testng.SuiteRunner.privateRun(SuiteRunner.java:340)
	at org.testng.SuiteRunner.run(SuiteRunner.java:289)
	at org.testng.SuiteRunnerWorker.runSuite(SuiteRunnerWorker.java:52)
	at org.testng.SuiteRunnerWorker.run(SuiteRunnerWorker.java:86)
	at org.testng.TestNG.runSuitesSequentially(TestNG.java:1301)
	at org.testng.TestNG.runSuitesLocally(TestNG.java:1226)
	at org.testng.TestNG.runSuites(TestNG.java:1144)
	at org.testng.TestNG.run(TestNG.java:1115)
	at org.apache.maven.surefire.testng.TestNGExecutor.run(TestNGExecutor.java:77)
	at org.apache.maven.surefire.testng.TestNGDirectoryTestSuite.executeMulti(TestNGDirectoryTestSuite.java:159)
	at org.apache.maven.surefire.testng.TestNGDirectoryTestSuite.execute(TestNGDirectoryTestSuite.java:99)
	at org.apache.maven.surefire.testng.TestNGProvider.invoke(TestNGProvider.java:106)
	at sun.reflect.NativeMethodAccessorImpl.invoke0(Native Method)
	at sun.reflect.NativeMethodAccessorImpl.invoke(NativeMethodAccessorImpl.java:62)
	at sun.reflect.DelegatingMethodAccessorImpl.invoke(DelegatingMethodAccessorImpl.java:43)
	at java.lang.reflect.Method.invoke(Method.java:498)
	at org.apache.maven.surefire.util.ReflectionUtils.invokeMethodWithArray(ReflectionUtils.java:189)
	at org.apache.maven.surefire.booter.ProviderFactory$ProviderProxy.invoke(ProviderFactory.java:165)
	at org.apache.maven.surefire.booter.ProviderFactory.invokeProvider(ProviderFactory.java:85)
	at org.apache.maven.surefire.booter.ForkedBooter.runSuitesInProcess(ForkedBooter.java:115)
	at org.apache.maven.surefire.booter.ForkedBooter.main(ForkedBooter.java:75)
]]>
            </full-stacktrace>
          </exception> <!-- com.epam.lab.web.soap.ServiceException -->
          <reporter-output>
          </reporter-output>
        </test-method> <!-- getAuthorsBooksFaultNumberRest -->
        <test-method status="PASS" signature="after()[pri:0, instance:com.epam.lab.web.SearchAutorListApiTest@6ea12c19]" name="after" is-config="true" duration-ms="624" started-at="2017-08-26T11:29:59Z" finished-at="2017-08-26T11:30:00Z">
          <reporter-output>
          </reporter-output>
        </test-method> <!-- after -->
        <test-method status="PASS" signature="setUP()[pri:0, instance:com.epam.lab.web.SearchAutorListApiTest@6ea12c19]" name="setUP" is-config="true" duration-ms="292" started-at="2017-08-26T11:30:00Z" finished-at="2017-08-26T11:30:00Z">
          <reporter-output>
          </reporter-output>
        </test-method> <!-- setUP -->
        <test-method status="PASS" signature="getAuthorsBooksFaultNumberSoap()[pri:0, instance:com.epam.lab.web.SearchAutorListApiTest@6ea12c19]" name="getAuthorsBooksFaultNumberSoap" duration-ms="116" started-at="2017-08-26T11:30:00Z" finished-at="2017-08-26T11:30:00Z">
          <exception class="com.epam.lab.web.soap.ServiceException">
            <message>
              <![CDATA[Fault occurred while processing.]]>
            </message>
            <full-stacktrace>
              <![CDATA[com.epam.lab.web.soap.ServiceException: Fault occurred while processing.
	at sun.reflect.NativeConstructorAccessorImpl.newInstance0(Native Method)
	at sun.reflect.NativeConstructorAccessorImpl.newInstance(NativeConstructorAccessorImpl.java:62)
	at sun.reflect.DelegatingConstructorAccessorImpl.newInstance(DelegatingConstructorAccessorImpl.java:45)
	at java.lang.reflect.Constructor.newInstance(Constructor.java:423)
	at com.sun.xml.internal.ws.fault.SOAPFaultBuilder.createException(SOAPFaultBuilder.java:135)
	at com.sun.xml.internal.ws.client.sei.StubHandler.readResponse(StubHandler.java:238)
	at com.sun.xml.internal.ws.db.DatabindingImpl.deserializeResponse(DatabindingImpl.java:189)
	at com.sun.xml.internal.ws.db.DatabindingImpl.deserializeResponse(DatabindingImpl.java:276)
	at com.sun.xml.internal.ws.client.sei.SyncMethodHandler.invoke(SyncMethodHandler.java:104)
	at com.sun.xml.internal.ws.client.sei.SyncMethodHandler.invoke(SyncMethodHandler.java:77)
	at com.sun.xml.internal.ws.client.sei.SEIStub.invoke(SEIStub.java:147)
	at com.sun.proxy.$Proxy45.getAuthorBooks(Unknown Source)
	at com.epam.lab.web.SearchAutorListApiTest.getAuthorsBooksFaultNumberSoap(SearchAutorListApiTest.java:87)
	at sun.reflect.NativeMethodAccessorImpl.invoke0(Native Method)
	at sun.reflect.NativeMethodAccessorImpl.invoke(NativeMethodAccessorImpl.java:62)
	at sun.reflect.DelegatingMethodAccessorImpl.invoke(DelegatingMethodAccessorImpl.java:43)
	at java.lang.reflect.Method.invoke(Method.java:498)
	at org.testng.internal.MethodInvocationHelper.invokeMethod(MethodInvocationHelper.java:108)
	at org.testng.internal.Invoker.invokeMethod(Invoker.java:661)
	at org.testng.internal.Invoker.invokeTestMethod(Invoker.java:869)
	at org.testng.internal.Invoker.invokeTestMethods(Invoker.java:1193)
	at org.testng.internal.TestMethodWorker.invokeTestMethods(TestMethodWorker.java:126)
	at org.testng.internal.TestMethodWorker.run(TestMethodWorker.java:109)
	at org.testng.TestRunner.privateRun(TestRunner.java:744)
	at org.testng.TestRunner.run(TestRunner.java:602)
	at org.testng.SuiteRunner.runTest(SuiteRunner.java:380)
	at org.testng.SuiteRunner.runSequentially(SuiteRunner.java:375)
	at org.testng.SuiteRunner.privateRun(SuiteRunner.java:340)
	at org.testng.SuiteRunner.run(SuiteRunner.java:289)
	at org.testng.SuiteRunnerWorker.runSuite(SuiteRunnerWorker.java:52)
	at org.testng.SuiteRunnerWorker.run(SuiteRunnerWorker.java:86)
	at org.testng.TestNG.runSuitesSequentially(TestNG.java:1301)
	at org.testng.TestNG.runSuitesLocally(TestNG.java:1226)
	at org.testng.TestNG.runSuites(TestNG.java:1144)
	at org.testng.TestNG.run(TestNG.java:1115)
	at org.apache.maven.surefire.testng.TestNGExecutor.run(TestNGExecutor.java:77)
	at org.apache.maven.surefire.testng.TestNGDirectoryTestSuite.executeMulti(TestNGDirectoryTestSuite.java:159)
	at org.apache.maven.surefire.testng.TestNGDirectoryTestSuite.execute(TestNGDirectoryTestSuite.java:99)
	at org.apache.maven.surefire.testng.TestNGProvider.invoke(TestNGProvider.java:106)
	at sun.reflect.NativeMethodAccessorImpl.invoke0(Native Method)
	at sun.reflect.NativeMethodAccessorImpl.invoke(NativeMethodAccessorImpl.java:62)
	at sun.reflect.DelegatingMethodAccessorImpl.invoke(DelegatingMethodAccessorImpl.java:43)
	at java.lang.reflect.Method.invoke(Method.java:498)
	at org.apache.maven.surefire.util.ReflectionUtils.invokeMethodWithArray(ReflectionUtils.java:189)
	at org.apache.maven.surefire.booter.ProviderFactory$ProviderProxy.invoke(ProviderFactory.java:165)
	at org.apache.maven.surefire.booter.ProviderFactory.invokeProvider(ProviderFactory.java:85)
	at org.apache.maven.surefire.booter.ForkedBooter.runSuitesInProcess(ForkedBooter.java:115)
	at org.apache.maven.surefire.booter.ForkedBooter.main(ForkedBooter.java:75)
]]>
            </full-stacktrace>
          </exception> <!-- com.epam.lab.web.soap.ServiceException -->
          <reporter-output>
          </reporter-output>
        </test-method> <!-- getAuthorsBooksFaultNumberSoap -->
        <test-method status="PASS" signature="after()[pri:0, instance:com.epam.lab.web.SearchAutorListApiTest@6ea12c19]" name="after" is-config="true" duration-ms="227" started-at="2017-08-26T11:30:00Z" finished-at="2017-08-26T11:30:00Z">
          <reporter-output>
          </reporter-output>
        </test-method> <!-- after -->
        <test-method status="PASS" signature="setUP()[pri:0, instance:com.epam.lab.web.SearchAutorListApiTest@6ea12c19]" name="setUP" is-config="true" duration-ms="163" started-at="2017-08-26T11:30:00Z" finished-at="2017-08-26T11:30:00Z">
          <reporter-output>
          </reporter-output>
        </test-method> <!-- setUP -->
        <test-method status="PASS" signature="getFiveAuthorsBooksRest()[pri:0, instance:com.epam.lab.web.SearchAutorListApiTest@6ea12c19]" name="getFiveAuthorsBooksRest" duration-ms="100" started-at="2017-08-26T11:30:00Z" finished-at="2017-08-26T11:30:00Z">
          <reporter-output>
          </reporter-output>
        </test-method> <!-- getFiveAuthorsBooksRest -->
        <test-method status="PASS" signature="after()[pri:0, instance:com.epam.lab.web.SearchAutorListApiTest@6ea12c19]" name="after" is-config="true" duration-ms="195" started-at="2017-08-26T11:30:00Z" finished-at="2017-08-26T11:30:01Z">
          <reporter-output>
          </reporter-output>
        </test-method> <!-- after -->
        <test-method status="PASS" signature="setUP()[pri:0, instance:com.epam.lab.web.SearchAutorListApiTest@6ea12c19]" name="setUP" is-config="true" duration-ms="1950" started-at="2017-08-26T11:30:01Z" finished-at="2017-08-26T11:30:03Z">
          <reporter-output>
          </reporter-output>
        </test-method> <!-- setUP -->
        <test-method status="PASS" signature="getFiveAuthorsBooksSoap()[pri:0, instance:com.epam.lab.web.SearchAutorListApiTest@6ea12c19]" name="getFiveAuthorsBooksSoap" duration-ms="100" started-at="2017-08-26T11:30:03Z" finished-at="2017-08-26T11:30:03Z">
          <reporter-output>
          </reporter-output>
        </test-method> <!-- getFiveAuthorsBooksSoap -->
        <test-method status="PASS" signature="after()[pri:0, instance:com.epam.lab.web.SearchAutorListApiTest@6ea12c19]" name="after" is-config="true" duration-ms="278" started-at="2017-08-26T11:30:03Z" finished-at="2017-08-26T11:30:03Z">
          <reporter-output>
          </reporter-output>
        </test-method> <!-- after -->
      </class> <!-- com.epam.lab.web.SearchAutorListApiTest -->
      <class name="com.epam.lab.web.ExchangeApiTest">
        <test-method status="PASS" signature="exchangeOneBookTwoTimesRest()[pri:0, instance:com.epam.lab.web.ExchangeApiTest@5afa04c]" name="exchangeOneBookTwoTimesRest" duration-ms="1036" started-at="2017-08-26T11:29:56Z" finished-at="2017-08-26T11:29:57Z">
          <exception class="com.epam.lab.web.soap.ServiceException">
            <full-stacktrace>
              <![CDATA[com.epam.lab.web.soap.ServiceException
	at com.epam.lab.web.rest.LibraryRESTServiceClient.buildException(LibraryRESTServiceClient.java:207)
	at com.epam.lab.web.rest.LibraryRESTServiceClient.exchangeBook(LibraryRESTServiceClient.java:156)
	at com.epam.lab.web.ExchangeApiTest.exchangeOneBookTwoTimesRest(ExchangeApiTest.java:28)
	at sun.reflect.NativeMethodAccessorImpl.invoke0(Native Method)
	at sun.reflect.NativeMethodAccessorImpl.invoke(NativeMethodAccessorImpl.java:62)
	at sun.reflect.DelegatingMethodAccessorImpl.invoke(DelegatingMethodAccessorImpl.java:43)
	at java.lang.reflect.Method.invoke(Method.java:498)
	at org.testng.internal.MethodInvocationHelper.invokeMethod(MethodInvocationHelper.java:108)
	at org.testng.internal.Invoker.invokeMethod(Invoker.java:661)
	at org.testng.internal.Invoker.invokeTestMethod(Invoker.java:869)
	at org.testng.internal.Invoker.invokeTestMethods(Invoker.java:1193)
	at org.testng.internal.TestMethodWorker.invokeTestMethods(TestMethodWorker.java:126)
	at org.testng.internal.TestMethodWorker.run(TestMethodWorker.java:109)
	at org.testng.TestRunner.privateRun(TestRunner.java:744)
	at org.testng.TestRunner.run(TestRunner.java:602)
	at org.testng.SuiteRunner.runTest(SuiteRunner.java:380)
	at org.testng.SuiteRunner.runSequentially(SuiteRunner.java:375)
	at org.testng.SuiteRunner.privateRun(SuiteRunner.java:340)
	at org.testng.SuiteRunner.run(SuiteRunner.java:289)
	at org.testng.SuiteRunnerWorker.runSuite(SuiteRunnerWorker.java:52)
	at org.testng.SuiteRunnerWorker.run(SuiteRunnerWorker.java:86)
	at org.testng.TestNG.runSuitesSequentially(TestNG.java:1301)
	at org.testng.TestNG.runSuitesLocally(TestNG.java:1226)
	at org.testng.TestNG.runSuites(TestNG.java:1144)
	at org.testng.TestNG.run(TestNG.java:1115)
	at org.apache.maven.surefire.testng.TestNGExecutor.run(TestNGExecutor.java:77)
	at org.apache.maven.surefire.testng.TestNGDirectoryTestSuite.executeMulti(TestNGDirectoryTestSuite.java:159)
	at org.apache.maven.surefire.testng.TestNGDirectoryTestSuite.execute(TestNGDirectoryTestSuite.java:99)
	at org.apache.maven.surefire.testng.TestNGProvider.invoke(TestNGProvider.java:106)
	at sun.reflect.NativeMethodAccessorImpl.invoke0(Native Method)
	at sun.reflect.NativeMethodAccessorImpl.invoke(NativeMethodAccessorImpl.java:62)
	at sun.reflect.DelegatingMethodAccessorImpl.invoke(DelegatingMethodAccessorImpl.java:43)
	at java.lang.reflect.Method.invoke(Method.java:498)
	at org.apache.maven.surefire.util.ReflectionUtils.invokeMethodWithArray(ReflectionUtils.java:189)
	at org.apache.maven.surefire.booter.ProviderFactory$ProviderProxy.invoke(ProviderFactory.java:165)
	at org.apache.maven.surefire.booter.ProviderFactory.invokeProvider(ProviderFactory.java:85)
	at org.apache.maven.surefire.booter.ForkedBooter.runSuitesInProcess(ForkedBooter.java:115)
	at org.apache.maven.surefire.booter.ForkedBooter.main(ForkedBooter.java:75)
]]>
            </full-stacktrace>
          </exception> <!-- com.epam.lab.web.soap.ServiceException -->
          <reporter-output>
          </reporter-output>
        </test-method> <!-- exchangeOneBookTwoTimesRest -->
        <test-method status="PASS" signature="clearWorkspace()[pri:0, instance:com.epam.lab.web.ExchangeApiTest@5afa04c]" name="clearWorkspace" is-config="true" duration-ms="237" started-at="2017-08-26T11:29:57Z" finished-at="2017-08-26T11:29:57Z">
          <reporter-output>
          </reporter-output>
        </test-method> <!-- clearWorkspace -->
        <test-method status="PASS" signature="exchangeOneBookTwoTimesSoap()[pri:0, instance:com.epam.lab.web.ExchangeApiTest@5afa04c]" name="exchangeOneBookTwoTimesSoap" duration-ms="961" started-at="2017-08-26T11:29:57Z" finished-at="2017-08-26T11:29:58Z">
          <exception class="com.epam.lab.web.soap.ServiceException">
            <message>
              <![CDATA[Fault occurred while processing.]]>
            </message>
            <full-stacktrace>
              <![CDATA[com.epam.lab.web.soap.ServiceException: Fault occurred while processing.
	at sun.reflect.NativeConstructorAccessorImpl.newInstance0(Native Method)
	at sun.reflect.NativeConstructorAccessorImpl.newInstance(NativeConstructorAccessorImpl.java:62)
	at sun.reflect.DelegatingConstructorAccessorImpl.newInstance(DelegatingConstructorAccessorImpl.java:45)
	at java.lang.reflect.Constructor.newInstance(Constructor.java:423)
	at com.sun.xml.internal.ws.fault.SOAPFaultBuilder.createException(SOAPFaultBuilder.java:135)
	at com.sun.xml.internal.ws.client.sei.StubHandler.readResponse(StubHandler.java:238)
	at com.sun.xml.internal.ws.db.DatabindingImpl.deserializeResponse(DatabindingImpl.java:189)
	at com.sun.xml.internal.ws.db.DatabindingImpl.deserializeResponse(DatabindingImpl.java:276)
	at com.sun.xml.internal.ws.client.sei.SyncMethodHandler.invoke(SyncMethodHandler.java:104)
	at com.sun.xml.internal.ws.client.sei.SyncMethodHandler.invoke(SyncMethodHandler.java:77)
	at com.sun.xml.internal.ws.client.sei.SEIStub.invoke(SEIStub.java:147)
	at com.sun.proxy.$Proxy45.exchangeBook(Unknown Source)
	at com.epam.lab.web.ExchangeApiTest.exchangeOneBookTwoTimesSoap(ExchangeApiTest.java:43)
	at sun.reflect.NativeMethodAccessorImpl.invoke0(Native Method)
	at sun.reflect.NativeMethodAccessorImpl.invoke(NativeMethodAccessorImpl.java:62)
	at sun.reflect.DelegatingMethodAccessorImpl.invoke(DelegatingMethodAccessorImpl.java:43)
	at java.lang.reflect.Method.invoke(Method.java:498)
	at org.testng.internal.MethodInvocationHelper.invokeMethod(MethodInvocationHelper.java:108)
	at org.testng.internal.Invoker.invokeMethod(Invoker.java:661)
	at org.testng.internal.Invoker.invokeTestMethod(Invoker.java:869)
	at org.testng.internal.Invoker.invokeTestMethods(Invoker.java:1193)
	at org.testng.internal.TestMethodWorker.invokeTestMethods(TestMethodWorker.java:126)
	at org.testng.internal.TestMethodWorker.run(TestMethodWorker.java:109)
	at org.testng.TestRunner.privateRun(TestRunner.java:744)
	at org.testng.TestRunner.run(TestRunner.java:602)
	at org.testng.SuiteRunner.runTest(SuiteRunner.java:380)
	at org.testng.SuiteRunner.runSequentially(SuiteRunner.java:375)
	at org.testng.SuiteRunner.privateRun(SuiteRunner.java:340)
	at org.testng.SuiteRunner.run(SuiteRunner.java:289)
	at org.testng.SuiteRunnerWorker.runSuite(SuiteRunnerWorker.java:52)
	at org.testng.SuiteRunnerWorker.run(SuiteRunnerWorker.java:86)
	at org.testng.TestNG.runSuitesSequentially(TestNG.java:1301)
	at org.testng.TestNG.runSuitesLocally(TestNG.java:1226)
	at org.testng.TestNG.runSuites(TestNG.java:1144)
	at org.testng.TestNG.run(TestNG.java:1115)
	at org.apache.maven.surefire.testng.TestNGExecutor.run(TestNGExecutor.java:77)
	at org.apache.maven.surefire.testng.TestNGDirectoryTestSuite.executeMulti(TestNGDirectoryTestSuite.java:159)
	at org.apache.maven.surefire.testng.TestNGDirectoryTestSuite.execute(TestNGDirectoryTestSuite.java:99)
	at org.apache.maven.surefire.testng.TestNGProvider.invoke(TestNGProvider.java:106)
	at sun.reflect.NativeMethodAccessorImpl.invoke0(Native Method)
	at sun.reflect.NativeMethodAccessorImpl.invoke(NativeMethodAccessorImpl.java:62)
	at sun.reflect.DelegatingMethodAccessorImpl.invoke(DelegatingMethodAccessorImpl.java:43)
	at java.lang.reflect.Method.invoke(Method.java:498)
	at org.apache.maven.surefire.util.ReflectionUtils.invokeMethodWithArray(ReflectionUtils.java:189)
	at org.apache.maven.surefire.booter.ProviderFactory$ProviderProxy.invoke(ProviderFactory.java:165)
	at org.apache.maven.surefire.booter.ProviderFactory.invokeProvider(ProviderFactory.java:85)
	at org.apache.maven.surefire.booter.ForkedBooter.runSuitesInProcess(ForkedBooter.java:115)
	at org.apache.maven.surefire.booter.ForkedBooter.main(ForkedBooter.java:75)
]]>
            </full-stacktrace>
          </exception> <!-- com.epam.lab.web.soap.ServiceException -->
          <reporter-output>
          </reporter-output>
        </test-method> <!-- exchangeOneBookTwoTimesSoap -->
        <test-method status="PASS" signature="clearWorkspace()[pri:0, instance:com.epam.lab.web.ExchangeApiTest@5afa04c]" name="clearWorkspace" is-config="true" duration-ms="214" started-at="2017-08-26T11:29:58Z" finished-at="2017-08-26T11:29:58Z">
          <reporter-output>
          </reporter-output>
        </test-method> <!-- clearWorkspace -->
      </class> <!-- com.epam.lab.web.ExchangeApiTest -->
    </test> <!-- Command line test -->
  </suite> <!-- Command line suite -->
</testng-results>
